f:\code\learning\24.10.13 科学计算导论实践实验2\24.10.13 科学计算导论实践实验2\x64\debug\vc143.pdb
f:\code\learning\24.10.13 科学计算导论实践实验2\24.10.13 科学计算导论实践实验2\x64\debug\vc143.idb
f:\code\learning\24.10.13 科学计算导论实践实验2\24.10.13 科学计算导论实践实验2\x64\debug\24.10.13 科学计算导论实践实验2.obj
f:\code\learning\24.10.13 科学计算导论实践实验2\x64\debug\24.10.13 科学计算导论实践实验2.pdb
f:\code\learning\24.10.13 科学计算导论实践实验2\24.10.13 科学计算导论实践实验2\x64\debug\24.10.13.e5130ff5.tlog\cl.command.1.tlog
f:\code\learning\24.10.13 科学计算导论实践实验2\24.10.13 科学计算导论实践实验2\x64\debug\24.10.13.e5130ff5.tlog\cl.read.1.tlog
f:\code\learning\24.10.13 科学计算导论实践实验2\24.10.13 科学计算导论实践实验2\x64\debug\24.10.13.e5130ff5.tlog\cl.write.1.tlog
f:\code\learning\24.10.13 科学计算导论实践实验2\24.10.13 科学计算导论实践实验2\x64\debug\24.10.13.e5130ff5.tlog\link-cvtres.read.1.tlog
f:\code\learning\24.10.13 科学计算导论实践实验2\24.10.13 科学计算导论实践实验2\x64\debug\24.10.13.e5130ff5.tlog\link-cvtres.write.1.tlog
f:\code\learning\24.10.13 科学计算导论实践实验2\24.10.13 科学计算导论实践实验2\x64\debug\24.10.13.e5130ff5.tlog\link-rc.read.1.tlog
f:\code\learning\24.10.13 科学计算导论实践实验2\24.10.13 科学计算导论实践实验2\x64\debug\24.10.13.e5130ff5.tlog\link-rc.write.1.tlog
f:\code\learning\24.10.13 科学计算导论实践实验2\24.10.13 科学计算导论实践实验2\x64\debug\24.10.13.e5130ff5.tlog\link.19388-cvtres.read.1.tlog
f:\code\learning\24.10.13 科学计算导论实践实验2\24.10.13 科学计算导论实践实验2\x64\debug\24.10.13.e5130ff5.tlog\link.19388-cvtres.write.1.tlog
f:\code\learning\24.10.13 科学计算导论实践实验2\24.10.13 科学计算导论实践实验2\x64\debug\24.10.13.e5130ff5.tlog\link.19388-rc.read.1.tlog
f:\code\learning\24.10.13 科学计算导论实践实验2\24.10.13 科学计算导论实践实验2\x64\debug\24.10.13.e5130ff5.tlog\link.19388-rc.write.1.tlog
f:\code\learning\24.10.13 科学计算导论实践实验2\24.10.13 科学计算导论实践实验2\x64\debug\24.10.13.e5130ff5.tlog\link.19388.read.1.tlog
f:\code\learning\24.10.13 科学计算导论实践实验2\24.10.13 科学计算导论实践实验2\x64\debug\24.10.13.e5130ff5.tlog\link.19388.read.2.tlog
f:\code\learning\24.10.13 科学计算导论实践实验2\24.10.13 科学计算导论实践实验2\x64\debug\24.10.13.e5130ff5.tlog\link.19388.write.1.tlog
f:\code\learning\24.10.13 科学计算导论实践实验2\24.10.13 科学计算导论实践实验2\x64\debug\24.10.13.e5130ff5.tlog\link.command.1.tlog
f:\code\learning\24.10.13 科学计算导论实践实验2\24.10.13 科学计算导论实践实验2\x64\debug\24.10.13.e5130ff5.tlog\link.read.1.tlog
f:\code\learning\24.10.13 科学计算导论实践实验2\24.10.13 科学计算导论实践实验2\x64\debug\24.10.13.e5130ff5.tlog\link.read.2.tlog
f:\code\learning\24.10.13 科学计算导论实践实验2\24.10.13 科学计算导论实践实验2\x64\debug\24.10.13.e5130ff5.tlog\link.write.1.tlog
